c:\workspace\cvm\x64\debug\vc143.pdb
c:\workspace\cvm\x64\debug\vc143.idb
c:\workspace\cvm\x64\debug\sys_file.obj
c:\workspace\cvm\x64\debug\stack.obj
c:\workspace\cvm\x64\debug\parser.obj
c:\workspace\cvm\x64\debug\operator.obj
c:\workspace\cvm\x64\debug\operand.obj
c:\workspace\cvm\x64\debug\memory.obj
c:\workspace\cvm\x64\debug\math.obj
c:\workspace\cvm\x64\debug\function_frame.obj
c:\workspace\cvm\x64\debug\stb_image.obj
c:\workspace\cvm\x64\debug\engine.obj
c:\workspace\cvm\x64\debug\cvm.obj
c:\workspace\cvm\x64\debug\code_memory.obj
c:\workspace\cvm\x64\debug\cm_window.obj
c:\workspace\cvm\x64\debug\cm_shader.obj
c:\workspace\cvm\x64\debug\cm_scene.obj
c:\workspace\cvm\x64\debug\cm_object.obj
c:\workspace\cvm\x64\debug\cm_image.obj
c:\workspace\cvm\x64\debug\cm_function.obj
c:\workspace\cvm\x64\debug\cm_class.obj
c:\workspace\cvm\x64\debug\cm_camera.obj
c:\workspace\cvm\x64\debug\sys_util.obj
c:\workspace\cvm\x64\debug\sys_logger.obj
c:\users\nayou\source\repos\chestnut\x64\debug\cvm.exe
c:\workspace\cvm\x64\debug\cvm.ilk
c:\users\nayou\source\repos\chestnut\x64\debug\cvm.pdb
c:\workspace\cvm\x64\debug\en_manager.obj
c:\workspace\cvm\x64\debug\en_win.obj
c:\workspace\cvm\x64\debug\cm_window.obj.enc
c:\workspace\cvm\x64\debug\cvm.tlog\cl.command.1.tlog
c:\workspace\cvm\x64\debug\cvm.tlog\cl.items.tlog
c:\workspace\cvm\x64\debug\cvm.tlog\cl.read.1.tlog
c:\workspace\cvm\x64\debug\cvm.tlog\cl.write.1.tlog
c:\workspace\cvm\x64\debug\cvm.tlog\link.command.1.tlog
c:\workspace\cvm\x64\debug\cvm.tlog\link.read.1.tlog
c:\workspace\cvm\x64\debug\cvm.tlog\link.secondary.1.tlog
c:\workspace\cvm\x64\debug\cvm.tlog\link.write.1.tlog
